[2025-09-22 05:55:15][UAS][INFO] DB 생성: data\storage\ecommerce_database.xlsx
[2025-09-22 20:44:49][UAS][WARNING] 메인 실패 → 대체 이미지 시도
[2025-09-22 20:44:49][UAS][ERROR] 상세 버튼 클릭 실패
[2025-09-22 20:44:52][UAS][WARNING] 메인 실패 → 대체 이미지 시도
[2025-09-22 20:44:52][UAS][ERROR] 상세 버튼 클릭 실패
[2025-09-22 20:44:55][UAS][WARNING] 메인 실패 → 대체 이미지 시도
[2025-09-22 20:44:55][UAS][ERROR] 상세 버튼 클릭 실패
[2025-09-22 20:44:58][UAS][WARNING] 메인 실패 → 대체 이미지 시도
[2025-09-22 20:44:58][UAS][ERROR] 상세 버튼 클릭 실패
[2025-09-22 20:48:52][UAS][WARNING] 메인 실패 → 대체 이미지 시도
[2025-09-22 20:48:56][UAS][WARNING] 메인 실패 → 대체 이미지 시도
[2025-09-22 20:48:59][UAS][WARNING] 메인 실패 → 대체 이미지 시도
[2025-09-22 20:49:03][UAS][WARNING] 메인 실패 → 대체 이미지 시도
[2025-09-22 20:49:07][UAS][WARNING] 메인 실패 → 대체 이미지 시도
[2025-09-22 20:49:11][UAS][WARNING] 메인 실패 → 대체 이미지 시도
[2025-09-22 20:49:15][UAS][WARNING] 메인 실패 → 대체 이미지 시도
[2025-09-22 20:49:19][UAS][WARNING] 메인 실패 → 대체 이미지 시도
[2025-09-22 20:49:22][UAS][WARNING] 메인 실패 → 대체 이미지 시도
[2025-09-22 20:49:26][UAS][WARNING] 메인 실패 → 대체 이미지 시도
[2025-09-22 20:49:33][UAS][ERROR] Fireshot 저장 버튼을 찾지 못함
[2025-09-22 20:49:36][UAS][WARNING] 메인 실패 → 대체 이미지 시도
[2025-09-22 20:49:39][UAS][WARNING] 메인 실패 → 대체 이미지 시도
[2025-09-22 20:49:43][UAS][WARNING] 메인 실패 → 대체 이미지 시도
[2025-09-22 20:49:47][UAS][WARNING] 메인 실패 → 대체 이미지 시도
[2025-09-22 20:49:51][UAS][WARNING] 메인 실패 → 대체 이미지 시도
[2025-09-22 20:49:55][UAS][WARNING] 메인 실패 → 대체 이미지 시도
[2025-09-22 20:49:59][UAS][WARNING] 메인 실패 → 대체 이미지 시도
[2025-09-22 20:50:03][UAS][WARNING] 메인 실패 → 대체 이미지 시도
[2025-09-22 20:50:07][UAS][WARNING] 메인 실패 → 대체 이미지 시도
[2025-09-22 20:50:11][UAS][WARNING] 메인 실패 → 대체 이미지 시도
[2025-09-22 20:50:15][UAS][WARNING] 메인 실패 → 대체 이미지 시도
[2025-09-22 20:50:18][UAS][WARNING] 메인 실패 → 대체 이미지 시도
[2025-09-22 20:50:22][UAS][WARNING] 메인 실패 → 대체 이미지 시도
[2025-09-22 20:50:26][UAS][WARNING] 메인 실패 → 대체 이미지 시도
[2025-09-22 20:50:31][UAS][WARNING] 메인 실패 → 대체 이미지 시도
[2025-09-22 20:50:34][UAS][WARNING] 메인 실패 → 대체 이미지 시도
[2025-09-22 20:50:38][UAS][WARNING] 메인 실패 → 대체 이미지 시도
[2025-09-22 20:50:38][UAS][ERROR] 상세 버튼 클릭 실패
[2025-09-22 21:57:21][UAS][INFO] 자동화 시작 대기 중... 5.0초
[2025-09-22 21:57:36][UAS][WARNING] 메인 실패 → 대체 이미지 시도
[2025-09-22 22:02:11][UAS][INFO] 자동화 시작 대기 중... 5.0초
[2025-09-22 22:02:27][UAS][WARNING] 메인 실패 → 대체 이미지 시도
